<?xml version="1.0" encoding="UTF-8"?>
<testsuite xmlns:xsi="http://www.w3.org/2001/XMLSchema-instance" xsi:noNamespaceSchemaLocation="https://maven.apache.org/surefire/maven-surefire-plugin/xsd/surefire-test-report-3.0.xsd" version="3.0" name="com.api.documentmanagementservice.service.impl.FilePropertyServiceImplTest" time="0.11" tests="18" errors="0" skipped="0" failures="0">
  <properties>
[...]
</properties>
  <testcase name="testGetAllProperties2" classname="com.api.documentmanagementservice.service.impl.FilePropertyServiceImplTest" time="0.002">
    <system-out><![CDATA[10:22:14.624 [main] INFO com.api.documentmanagementservice.service.impl.FilePropertyServiceImpl -- Returning final response...
]]></system-out>
  </testcase>
  <testcase name="testUpdatePropertiesByDocumentId" classname="com.api.documentmanagementservice.service.impl.FilePropertyServiceImplTest" time="0.013"/>
  <testcase name="testDeletePropertyById" classname="com.api.documentmanagementservice.service.impl.FilePropertyServiceImplTest" time="0.001">
    <system-out><![CDATA[10:22:14.639 [main] INFO com.api.documentmanagementservice.service.impl.FilePropertyServiceImpl -- Property with ID 1 and related resources deleted successfully
]]></system-out>
  </testcase>
  <testcase name="testUpdatePropertiesByDocumentId2" classname="com.api.documentmanagementservice.service.impl.FilePropertyServiceImplTest" time="0.001"/>
  <testcase name="testGetAllProperties" classname="com.api.documentmanagementservice.service.impl.FilePropertyServiceImplTest" time="0.001"/>
  <testcase name="testGetFilePropertiesWithAttributes" classname="com.api.documentmanagementservice.service.impl.FilePropertyServiceImplTest" time="0.001"/>
  <testcase name="testDeletePropertyById2" classname="com.api.documentmanagementservice.service.impl.FilePropertyServiceImplTest" time="0.026">
    <system-out><![CDATA[10:22:14.670 [main] INFO com.api.documentmanagementservice.service.impl.FilePropertyServiceImpl -- Property with ID 1 and related resources deleted successfully
]]></system-out>
  </testcase>
  <testcase name="testDeletePropertyById3" classname="com.api.documentmanagementservice.service.impl.FilePropertyServiceImplTest" time="0.001"/>
  <testcase name="testGetAllFileProperties2" classname="com.api.documentmanagementservice.service.impl.FilePropertyServiceImplTest" time="0.011"/>
  <testcase name="testGetAllFileProperties3" classname="com.api.documentmanagementservice.service.impl.FilePropertyServiceImplTest" time="0.003"/>
  <testcase name="testGetAllFileProperties5" classname="com.api.documentmanagementservice.service.impl.FilePropertyServiceImplTest" time="0.003"/>
  <testcase name="testGetAllFileProperties6" classname="com.api.documentmanagementservice.service.impl.FilePropertyServiceImplTest" time="0.003"/>
  <testcase name="testGetAllFileProperties9" classname="com.api.documentmanagementservice.service.impl.FilePropertyServiceImplTest" time="0.002"/>
  <testcase name="testGetFilePropertiesWithAttributes2" classname="com.api.documentmanagementservice.service.impl.FilePropertyServiceImplTest" time="0.002"/>
  <testcase name="testGetFilePropertiesWithAttributes3" classname="com.api.documentmanagementservice.service.impl.FilePropertyServiceImplTest" time="0.003"/>
  <testcase name="testGetFilePropertiesWithAttributes4" classname="com.api.documentmanagementservice.service.impl.FilePropertyServiceImplTest" time="0.002"/>
  <testcase name="testRenameProperty" classname="com.api.documentmanagementservice.service.impl.FilePropertyServiceImplTest" time="0.001"/>
  <testcase name="testGetAllFileProperties" classname="com.api.documentmanagementservice.service.impl.FilePropertyServiceImplTest" time="0.002"/>
</testsuite>